<?xml version="1.0" encoding="UTF-8"?>
<coverage generated="1683815135468" clover="3.2.0">
  <project timestamp="1683815135468" name="All files">
    <metrics statements="10" coveredstatements="10" conditionals="0" coveredconditionals="0" methods="3" coveredmethods="3" elements="13" coveredelements="13" complexity="0" loc="10" ncloc="10" packages="1" files="1" classes="1"/>
    <file name="helpers.js" path="C:\Users\Nexus\LFA\lap2\group_project\testingclient\Florin_Community_App_Client\__tests__\helpers.js">
      <metrics statements="10" coveredstatements="10" conditionals="0" coveredconditionals="0" methods="3" coveredmethods="3"/>
      <line num="1" count="1" type="stmt"/>
      <line num="2" count="1" type="stmt"/>
      <line num="3" count="1" type="stmt"/>
      <line num="5" count="1" type="stmt"/>
      <line num="6" count="21" type="stmt"/>
      <line num="8" count="21" type="stmt"/>
      <line num="13" count="21" type="stmt"/>
      <line num="14" count="21" type="stmt"/>
      <line num="15" count="21" type="stmt"/>
      <line num="20" count="1" type="stmt"/>
    </file>
  </project>
</coverage>
