{"C:\\Users\\Nexus\\LFA\\lap2\\group_project\\testingclient\\Florin_Community_App_Client\\__tests__\\helpers.js": {"path":"C:\\Users\\Nexus\\LFA\\lap2\\group_project\\testingclient\\Florin_Community_App_Client\\__tests__\\helpers.js","statementMap":{"0":{"start":{"line":1,"column":13},"end":{"line":1,"column":28}},"1":{"start":{"line":2,"column":14},"end":{"line":2,"column":30}},"2":{"start":{"line":3,"column":18},"end":{"line":3,"column":23}},"3":{"start":{"line":5,"column":18},"end":{"line":18,"column":1}},"4":{"start":{"line":6,"column":19},"end":{"line":6,"column":53}},"5":{"start":{"line":8,"column":14},"end":{"line":11,"column":4}},"6":{"start":{"line":13,"column":2},"end":{"line":17,"column":5}},"7":{"start":{"line":14,"column":4},"end":{"line":16,"column":7}},"8":{"start":{"line":15,"column":6},"end":{"line":15,"column":19}},"9":{"start":{"line":20,"column":0},"end":{"line":20,"column":31}}},"fnMap":{"0":{"name":"(anonymous_0)","decl":{"start":{"line":5,"column":18},"end":{"line":5,"column":19}},"loc":{"start":{"line":5,"column":38},"end":{"line":18,"column":1}},"line":5},"1":{"name":"(anonymous_1)","decl":{"start":{"line":13,"column":21},"end":{"line":13,"column":22}},"loc":{"start":{"line":13,"column":37},"end":{"line":17,"column":3}},"line":13},"2":{"name":"(anonymous_2)","decl":{"start":{"line":14,"column":61},"end":{"line":14,"column":62}},"loc":{"start":{"line":14,"column":67},"end":{"line":16,"column":5}},"line":14}},"branchMap":{},"s":{"0":2,"1":2,"2":2,"3":2,"4":12,"5":12,"6":12,"7":12,"8":12,"9":2},"f":{"0":12,"1":12,"2":12},"b":{},"_coverageSchema":"1a1c01bbd47fc00a2c39e90264f33305004495a9","hash":"ee2ef4371aee80424b9f57c9fc138d278ae74384"}
,"C:\\Users\\Nexus\\LFA\\lap2\\group_project\\testingclient\\Florin_Community_App_Client\\assets\\js\\userprofile.js": {"path":"C:\\Users\\Nexus\\LFA\\lap2\\group_project\\testingclient\\Florin_Community_App_Client\\assets\\js\\userprofile.js","statementMap":{"0":{"start":{"line":2,"column":18},"end":{"line":7,"column":3}},"1":{"start":{"line":8,"column":2},"end":{"line":16,"column":75}},"2":{"start":{"line":9,"column":16},"end":{"line":9,"column":27}},"3":{"start":{"line":11,"column":6},"end":{"line":11,"column":22}},"4":{"start":{"line":14,"column":26},"end":{"line":14,"column":79}},"5":{"start":{"line":16,"column":36},"end":{"line":16,"column":74}},"6":{"start":{"line":19,"column":20},"end":{"line":19,"column":71}},"7":{"start":{"line":24,"column":2},"end":{"line":24,"column":13}},"8":{"start":{"line":30,"column":18},"end":{"line":30,"column":80}},"9":{"start":{"line":32,"column":2},"end":{"line":43,"column":3}},"10":{"start":{"line":33,"column":17},"end":{"line":33,"column":38}},"11":{"start":{"line":34,"column":22},"end":{"line":34,"column":57}},"12":{"start":{"line":35,"column":24},"end":{"line":35,"column":63}},"13":{"start":{"line":36,"column":17},"end":{"line":36,"column":45}},"14":{"start":{"line":37,"column":4},"end":{"line":37,"column":35}},"15":{"start":{"line":38,"column":4},"end":{"line":38,"column":31}},"16":{"start":{"line":39,"column":18},"end":{"line":39,"column":46}},"17":{"start":{"line":40,"column":4},"end":{"line":40,"column":39}},"18":{"start":{"line":41,"column":4},"end":{"line":41,"column":32}},"19":{"start":{"line":42,"column":24},"end":{"line":42,"column":68}},"20":{"start":{"line":47,"column":0},"end":{"line":47,"column":17}},"21":{"start":{"line":60,"column":19},"end":{"line":60,"column":94}},"22":{"start":{"line":63,"column":2},"end":{"line":71,"column":3}},"23":{"start":{"line":64,"column":19},"end":{"line":64,"column":43}},"24":{"start":{"line":65,"column":24},"end":{"line":65,"column":58}},"25":{"start":{"line":66,"column":26},"end":{"line":66,"column":74}},"26":{"start":{"line":67,"column":6},"end":{"line":67,"column":42}},"27":{"start":{"line":74,"column":0},"end":{"line":74,"column":18}},"28":{"start":{"line":85,"column":38},"end":{"line":85,"column":35657}},"29":{"start":{"line":85,"column":42},"end":{"line":85,"column":35646}},"30":{"start":{"line":85,"column":35682},"end":{"line":85,"column":35722}},"31":{"start":{"line":85,"column":35686},"end":{"line":85,"column":35711}},"32":{"start":{"line":85,"column":35723},"end":{"line":85,"column":35731}},"33":{"start":{"line":85,"column":35756},"end":{"line":85,"column":35798}},"34":{"start":{"line":85,"column":35760},"end":{"line":85,"column":35787}},"35":{"start":{"line":85,"column":35799},"end":{"line":85,"column":35807}},"36":{"start":{"line":85,"column":35826},"end":{"line":85,"column":35863}},"37":{"start":{"line":85,"column":35830},"end":{"line":85,"column":35852}},"38":{"start":{"line":85,"column":35882},"end":{"line":85,"column":35922}},"39":{"start":{"line":85,"column":35886},"end":{"line":85,"column":35911}}},"fnMap":{"0":{"name":"fetchUserToken","decl":{"start":{"line":1,"column":15},"end":{"line":1,"column":29}},"loc":{"start":{"line":1,"column":32},"end":{"line":17,"column":1}},"line":1},"1":{"name":"(anonymous_1)","decl":{"start":{"line":9,"column":8},"end":{"line":9,"column":9}},"loc":{"start":{"line":9,"column":16},"end":{"line":9,"column":27}},"line":9},"2":{"name":"(anonymous_2)","decl":{"start":{"line":10,"column":8},"end":{"line":10,"column":9}},"loc":{"start":{"line":10,"column":16},"end":{"line":12,"column":3}},"line":10},"3":{"name":"(anonymous_3)","decl":{"start":{"line":13,"column":8},"end":{"line":13,"column":9}},"loc":{"start":{"line":13,"column":14},"end":{"line":15,"column":3}},"line":13},"4":{"name":"(anonymous_4)","decl":{"start":{"line":16,"column":9},"end":{"line":16,"column":10}},"loc":{"start":{"line":16,"column":36},"end":{"line":16,"column":74}},"line":16},"5":{"name":"userprofileinfo","decl":{"start":{"line":23,"column":15},"end":{"line":23,"column":30}},"loc":{"start":{"line":23,"column":32},"end":{"line":45,"column":1}},"line":23},"6":{"name":"loadbinCollData","decl":{"start":{"line":50,"column":15},"end":{"line":50,"column":30}},"loc":{"start":{"line":50,"column":33},"end":{"line":72,"column":1}},"line":50},"7":{"name":"oo_cm","decl":{"start":{"line":85,"column":30},"end":{"line":85,"column":35}},"loc":{"start":{"line":85,"column":37},"end":{"line":85,"column":35658}},"line":85},"8":{"name":"oo_oo","decl":{"start":{"line":85,"column":35668},"end":{"line":85,"column":35673}},"loc":{"start":{"line":85,"column":35681},"end":{"line":85,"column":35732}},"line":85},"9":{"name":"oo_tr","decl":{"start":{"line":85,"column":35742},"end":{"line":85,"column":35747}},"loc":{"start":{"line":85,"column":35755},"end":{"line":85,"column":35808}},"line":85},"10":{"name":"oo_ts","decl":{"start":{"line":85,"column":35818},"end":{"line":85,"column":35823}},"loc":{"start":{"line":85,"column":35825},"end":{"line":85,"column":35864}},"line":85},"11":{"name":"oo_te","decl":{"start":{"line":85,"column":35874},"end":{"line":85,"column":35879}},"loc":{"start":{"line":85,"column":35881},"end":{"line":85,"column":35923}},"line":85}},"branchMap":{"0":{"loc":{"start":{"line":32,"column":2},"end":{"line":43,"column":3}},"type":"if","locations":[{"start":{"line":32,"column":2},"end":{"line":43,"column":3}},{"start":{},"end":{}}],"line":32},"1":{"loc":{"start":{"line":63,"column":2},"end":{"line":71,"column":3}},"type":"if","locations":[{"start":{"line":63,"column":2},"end":{"line":71,"column":3}},{"start":{"line":69,"column":9},"end":{"line":71,"column":3}}],"line":63},"2":{"loc":{"start":{"line":85,"column":49},"end":{"line":85,"column":35645}},"type":"binary-expr","locations":[{"start":{"line":85,"column":49},"end":{"line":85,"column":86}},{"start":{"line":85,"column":90},"end":{"line":85,"column":35645}}],"line":85}},"s":{"0":1,"1":1,"2":0,"3":0,"4":0,"5":0,"6":1,"7":1,"8":1,"9":0,"10":0,"11":0,"12":0,"13":0,"14":0,"15":0,"16":0,"17":0,"18":0,"19":0,"20":1,"21":1,"22":0,"23":0,"24":0,"25":0,"26":0,"27":1,"28":1,"29":1,"30":1,"31":1,"32":1,"33":0,"34":0,"35":0,"36":0,"37":0,"38":0,"39":0},"f":{"0":1,"1":0,"2":0,"3":0,"4":0,"5":1,"6":1,"7":1,"8":1,"9":0,"10":0,"11":0},"b":{"0":[0,0],"1":[0,0],"2":[1,1]},"_coverageSchema":"1a1c01bbd47fc00a2c39e90264f33305004495a9","hash":"dec5f4577c4c70a383bd7f3e042e5969fa466e4b"}
}
