TN:
SF:__tests__\helpers.js
FN:5,(anonymous_0)
FN:13,(anonymous_1)
FN:14,(anonymous_2)
FNF:3
FNH:3
FNDA:12,(anonymous_0)
FNDA:12,(anonymous_1)
FNDA:12,(anonymous_2)
DA:1,2
DA:2,2
DA:3,2
DA:5,2
DA:6,12
DA:8,12
DA:13,12
DA:14,12
DA:15,12
DA:20,2
LF:10
LH:10
BRF:0
BRH:0
end_of_record
TN:
SF:assets\js\userprofile.js
FN:1,fetchUserToken
FN:9,(anonymous_1)
FN:10,(anonymous_2)
FN:13,(anonymous_3)
FN:16,(anonymous_4)
FN:23,userprofileinfo
FN:50,loadbinCollData
FN:85,oo_cm
FN:85,oo_oo
FN:85,oo_tr
FN:85,oo_ts
FN:85,oo_te
FNF:12
FNH:5
FNDA:1,fetchUserToken
FNDA:0,(anonymous_1)
FNDA:0,(anonymous_2)
FNDA:0,(anonymous_3)
FNDA:0,(anonymous_4)
FNDA:1,userprofileinfo
FNDA:1,loadbinCollData
FNDA:1,oo_cm
FNDA:1,oo_oo
FNDA:0,oo_tr
FNDA:0,oo_ts
FNDA:0,oo_te
DA:2,1
DA:8,1
DA:9,0
DA:11,0
DA:14,0
DA:16,0
DA:19,1
DA:24,1
DA:30,1
DA:32,0
DA:33,0
DA:34,0
DA:35,0
DA:36,0
DA:37,0
DA:38,0
DA:39,0
DA:40,0
DA:41,0
DA:42,0
DA:47,1
DA:60,1
DA:63,0
DA:64,0
DA:65,0
DA:66,0
DA:67,0
DA:74,1
DA:85,1
LF:29
LH:9
BRDA:32,0,0,0
BRDA:32,0,1,0
BRDA:63,1,0,0
BRDA:63,1,1,0
BRDA:85,2,0,1
BRDA:85,2,1,1
BRF:6
BRH:2
end_of_record
